<?xml version="1.0" encoding="UTF-8"?>
<!-- Generated by org.testng.reporters.JUnitXMLReporter -->
<testsuite ignored="0" hostname="LAPTOP-UMKGSRG3" failures="1" tests="2" name="noCommerce Tests" time="23.013" errors="0" timestamp="2022-06-30T08:22:13 IST">
  <testcase classname="testCases.TC_001_Registration" name="test_Registration" time="5.776"/>
  <testcase classname="testCases.TC_002_Login" name="test_Login" time="12.187">
    <failure type="java.lang.AssertionError" message="null">
      <![CDATA[java.lang.AssertionError: null
at testCases.TC_002_Login.test_Login(TC_002_Login.java:46)
at java.base/java.util.ArrayList.forEach(ArrayList.java:1511)
... Removed 27 stack frames]]>
    </failure>
  </testcase> <!-- test_Login -->
</testsuite> <!-- noCommerce Tests -->
